[ 2024-03-13 14:48:28,254 ] 47 root - INFO - Loading required files in dataframes
[ 2024-03-13 14:48:28,266 ] 97 root - INFO - Execution
[ 2024-03-13 14:48:28,266 ] 62 root - INFO - Cross validating different models and logging F1 score
[ 2024-03-13 14:48:28,359 ] 66 root - INFO - Training model
[ 2024-03-13 14:48:28,362 ] 69 root - INFO - Making predictions
[ 2024-03-13 14:48:28,362 ] 72 root - INFO - Metric evaluation
[ 2024-03-13 14:48:28,366 ] 76 root - INFO - Storing model performances
[ 2024-03-13 14:48:28,367 ] 79 root - INFO - Storing models
[ 2024-03-13 14:48:28,435 ] 83 root - INFO - Logging model using mlflow
[ 2024-03-13 14:48:30,107 ] 86 root - INFO - Logging metrics
[ 2024-03-13 14:48:30,109 ] 62 root - INFO - Cross validating different models and logging F1 score
[ 2024-03-13 14:48:31,500 ] 66 root - INFO - Training model
[ 2024-03-13 14:48:31,619 ] 69 root - INFO - Making predictions
[ 2024-03-13 14:48:31,651 ] 72 root - INFO - Metric evaluation
[ 2024-03-13 14:48:31,654 ] 76 root - INFO - Storing model performances
[ 2024-03-13 14:48:31,654 ] 79 root - INFO - Storing models
[ 2024-03-13 14:48:31,659 ] 83 root - INFO - Logging model using mlflow
[ 2024-03-13 14:48:32,751 ] 86 root - INFO - Logging metrics
[ 2024-03-13 14:48:32,753 ] 62 root - INFO - Cross validating different models and logging F1 score
[ 2024-03-13 14:48:32,832 ] 66 root - INFO - Training model
[ 2024-03-13 14:48:32,838 ] 69 root - INFO - Making predictions
[ 2024-03-13 14:48:32,839 ] 72 root - INFO - Metric evaluation
[ 2024-03-13 14:48:32,842 ] 76 root - INFO - Storing model performances
[ 2024-03-13 14:48:32,842 ] 79 root - INFO - Storing models
[ 2024-03-13 14:48:32,848 ] 83 root - INFO - Logging model using mlflow
[ 2024-03-13 14:48:34,021 ] 86 root - INFO - Logging metrics
[ 2024-03-13 14:48:34,023 ] 62 root - INFO - Cross validating different models and logging F1 score
[ 2024-03-13 14:48:36,174 ] 66 root - INFO - Training model
[ 2024-03-13 14:48:36,386 ] 69 root - INFO - Making predictions
[ 2024-03-13 14:48:36,391 ] 72 root - INFO - Metric evaluation
[ 2024-03-13 14:48:36,394 ] 76 root - INFO - Storing model performances
[ 2024-03-13 14:48:36,394 ] 79 root - INFO - Storing models
[ 2024-03-13 14:48:36,399 ] 83 root - INFO - Logging model using mlflow
[ 2024-03-13 14:48:37,604 ] 86 root - INFO - Logging metrics
[ 2024-03-13 14:48:37,606 ] 62 root - INFO - Cross validating different models and logging F1 score
[ 2024-03-13 14:48:37,645 ] 66 root - INFO - Training model
[ 2024-03-13 14:48:37,647 ] 69 root - INFO - Making predictions
[ 2024-03-13 14:48:37,647 ] 72 root - INFO - Metric evaluation
[ 2024-03-13 14:48:37,650 ] 76 root - INFO - Storing model performances
[ 2024-03-13 14:48:37,650 ] 79 root - INFO - Storing models
[ 2024-03-13 14:48:37,655 ] 83 root - INFO - Logging model using mlflow
[ 2024-03-13 14:48:38,764 ] 86 root - INFO - Logging metrics
[ 2024-03-13 14:48:38,766 ] 62 root - INFO - Cross validating different models and logging F1 score
[ 2024-03-13 14:48:39,798 ] 66 root - INFO - Training model
[ 2024-03-13 14:48:39,900 ] 69 root - INFO - Making predictions
[ 2024-03-13 14:48:39,904 ] 72 root - INFO - Metric evaluation
[ 2024-03-13 14:48:39,906 ] 76 root - INFO - Storing model performances
[ 2024-03-13 14:48:39,906 ] 79 root - INFO - Storing models
[ 2024-03-13 14:48:39,911 ] 83 root - INFO - Logging model using mlflow
[ 2024-03-13 14:48:41,104 ] 86 root - INFO - Logging metrics
[ 2024-03-13 14:48:41,106 ] 62 root - INFO - Cross validating different models and logging F1 score
[ 2024-03-13 14:48:42,078 ] 66 root - INFO - Training model
[ 2024-03-13 14:48:42,172 ] 69 root - INFO - Making predictions
[ 2024-03-13 14:48:42,173 ] 72 root - INFO - Metric evaluation
[ 2024-03-13 14:48:42,176 ] 76 root - INFO - Storing model performances
[ 2024-03-13 14:48:42,176 ] 79 root - INFO - Storing models
[ 2024-03-13 14:48:42,181 ] 83 root - INFO - Logging model using mlflow
[ 2024-03-13 14:48:43,294 ] 86 root - INFO - Logging metrics
[ 2024-03-13 14:48:43,296 ] 101 root - INFO - Extracting model with highets recall
[ 2024-03-13 14:48:43,296 ] 105 root - INFO - Saving the model
